Compiling the C compiler identification source file "CMakeCCompilerId.c" failed.
Compiler: CMAKE_C_COMPILER-NOTFOUND 
Build flags: 
Id flags: 

The output was:
No such file or directory


Compiling the C compiler identification source file "CMakeCCompilerId.c" failed.
Compiler: CMAKE_C_COMPILER-NOTFOUND 
Build flags: 
Id flags: -c

The output was:
No such file or directory


Compiling the C compiler identification source file "CMakeCCompilerId.c" failed.
Compiler: CMAKE_C_COMPILER-NOTFOUND 
Build flags: 
Id flags: -Aa

The output was:
No such file or directory


Checking whether the C compiler is IAR using "" did not match "IAR .+ Compiler":
Determining if files pthread.h exist failed with the following output:

Source:
/* */
#include <pthread.h>


int main(){return 0;}

